<?xml version="1.0" encoding="UTF-8"?>
<!-- Generated by org.testng.reporters.JUnitReportReporter -->
<testsuite hostname="wishponds-MacBook-Pro.local" failures="0" tests="1" name="testcases2.TC01_verifyURL" time="0.016" errors="0" timestamp="2023-08-08T00:20:10 IST" skipped="0">
  <testcase classname="testcases2.TC01_verifyURL" name="verifyURL" time="0.016"/>
  <system-out/>
</testsuite> <!-- testcases2.TC01_verifyURL -->
