<?xml version="1.0" encoding="UTF-8"?>
<!-- Generated by org.testng.reporters.JUnitReportReporter -->
<testsuite hostname="wishponds-MacBook-Pro.local" failures="0" tests="1" name="testcases2.TC10_SearchCampaign" time="34.017" errors="0" timestamp="2023-08-05T01:24:57 IST" skipped="0">
  <testcase classname="testcases2.TC10_SearchCampaign" name="searchCampaign" time="34.017"/>
  <system-out/>
</testsuite> <!-- testcases2.TC10_SearchCampaign -->
