<?xml version="1.0" encoding="UTF-8"?>
<!-- Generated by org.testng.reporters.JUnitReportReporter -->
<testsuite hostname="wishponds-MacBook-Pro.local" failures="0" tests="1" name="testcases2.TC02_SigninviaGmail" time="25.267" errors="0" timestamp="2023-08-14T10:58:15 IST" skipped="0">
  <testcase classname="testcases2.TC02_SigninviaGmail" name="SigninPage" time="25.267"/>
  <system-out/>
</testsuite> <!-- testcases2.TC02_SigninviaGmail -->
